
> cafebartiti@1.0.0 build
> next build

   Ôû▓ Next.js 14.1.0

   Creating an optimized production build ...
node.exe : 
En línea: 1 Carácter: 1
+ & "C:\Program Files\nodejs/node.exe" "C:\Program 
Files\nodejs/node_mo ...
+ ~~~~~~~~~~~~~~~~~~~~~~~~~~~~~~~~~~~~~~~~~~~~~~~~~~~~
~~~~~~~~~~~~~~~~~
    + CategoryInfo          : NotSpecified: (:String) 
    [], RemoteException
    + FullyQualifiedErrorId : NativeCommandError
 
> Build error occurred
Error: Cannot find module 'postcss'
Require stack:
- C:\Users\jukkaP\Desktop\skill\CafeBarTiti-main\node_
modules\next\dist\build\webpack\plugins\font-styleshee
t-gathering-plugin.js
- C:\Users\jukkaP\Desktop\skill\CafeBarTiti-main\node_
modules\next\dist\build\webpack-config.js
- C:\Users\jukkaP\Desktop\skill\CafeBarTiti-main\node_
modules\next\dist\build\webpack-build\impl.js
- C:\Users\jukkaP\Desktop\skill\CafeBarTiti-main\node_
modules\next\dist\compiled\jest-worker\processChild.js
    at Module.<anonymous> 
(node:internal/modules/cjs/loader:1421:15)
    at C:\Users\jukkaP\Desktop\skill\CafeBarTiti-main\
node_modules\next\dist\server\require-hook.js:55:36
    at defaultResolveImpl 
(node:internal/modules/cjs/loader:1059:19)
    at resolveForCJSWithHooks 
(node:internal/modules/cjs/loader:1064:22)
    at Module._load 
(node:internal/modules/cjs/loader:1227:37)
    at TracingChannel.traceSync 
(node:diagnostics_channel:328:14)
    at wrapModuleLoad 
(node:internal/modules/cjs/loader:245:24)
    at Module.<anonymous> 
(node:internal/modules/cjs/loader:1504:12)
    at mod.require (C:\Users\jukkaP\Desktop\skill\Cafe
BarTiti-main\node_modules\next\dist\server\require-hoo
k.js:65:28)
    at require (node:internal/modules/helpers:152:16) 
{
  type: 'Error',
  code: 'MODULE_NOT_FOUND',
  requireStack: [
    'C:\\Users\\jukkaP\\Desktop\\skill\\CafeBarTiti-ma
in\\node_modules\\next\\dist\\build\\webpack\\plugins\
\font-stylesheet-gathering-plugin.js',
    'C:\\Users\\jukkaP\\Desktop\\skill\\CafeBarTiti-ma
in\\node_modules\\next\\dist\\build\\webpack-config.js
',
    'C:\\Users\\jukkaP\\Desktop\\skill\\CafeBarTiti-ma
in\\node_modules\\next\\dist\\build\\webpack-build\\im
pl.js',
    'C:\\Users\\jukkaP\\Desktop\\skill\\CafeBarTiti-ma
in\\node_modules\\next\\dist\\compiled\\jest-worker\\p
rocessChild.js'
  ]
}
