
> cafebartiti@1.0.0 build
> next build

node.exe : 
En línea: 1 Carácter: 1
+ & "C:\Program Files\nodejs/node.exe" "C:\Program 
Files\nodejs/node_mo ...
+ ~~~~~~~~~~~~~~~~~~~~~~~~~~~~~~~~~~~~~~~~~~~~~~~~~~~~
~~~~~~~~~~~~~~~~~
    + CategoryInfo          : NotSpecified: (:String) 
    [], RemoteException
    + FullyQualifiedErrorId : NativeCommandError
 
> Build error occurred
Error: Configuring Next.js via 'next.config.ts' is 
not supported. Please replace the file with 
'next.config.js' or 'next.config.mjs'.
    at loadConfig (C:\Users\jukkaP\Desktop\skill\CafeB
arTiti-main\node_modules\next\dist\server\config.js:78
6:19)
    at async Span.traceAsyncFn (C:\Users\jukkaP\Deskto
p\skill\CafeBarTiti-main\node_modules\next\dist\trace\
trace.js:151:20)
    at async C:\Users\jukkaP\Desktop\skill\CafeBarTiti
-main\node_modules\next\dist\build\index.js:379:28
    at async Span.traceAsyncFn (C:\Users\jukkaP\Deskto
p\skill\CafeBarTiti-main\node_modules\next\dist\trace\
trace.js:151:20)
    at async build (C:\Users\jukkaP\Desktop\skill\Cafe
BarTiti-main\node_modules\next\dist\build\index.js:374
:9)
    at async main (C:\Users\jukkaP\Desktop\skill\CafeB
arTiti-main\node_modules\next\dist\bin\next:155:5)
